<?xml version="1.0" encoding="UTF-8"?>
<!-- Generated by org.testng.reporters.JUnitXMLReporter -->
<testsuite hostname="DESKTOP-4J1LCJ7" name="Test" tests="2" failures="0" timestamp="20 Jun 2019 16:27:23 GMT" time="34.308" errors="0">
  <testcase name="runCukes" time="33.513" classname="com.frankbahar.cucumber.parallel.google.runner.SearchManyFeature"/>
  <testcase name="runCukes" time="34.293" classname="com.frankbahar.cucumber.parallel.google.runner.SearchOutlineFeature"/>
</testsuite> <!-- Test -->
