<?xml version="1.0" encoding="UTF-8"?>
<testng-results skipped="0" failed="0" total="2" passed="2">
  <reporter-output>
  </reporter-output>
  <suite name="Suite" duration-ms="34308" started-at="2019-06-20T16:26:49Z" finished-at="2019-06-20T16:27:23Z">
    <groups>
    </groups>
    <test name="Test" duration-ms="34308" started-at="2019-06-20T16:26:49Z" finished-at="2019-06-20T16:27:23Z">
      <class name="com.frankbahar.cucumber.parallel.google.runner.SearchOutlineFeature">
        <test-method status="PASS" signature="runCukes()[pri:0, instance:com.frankbahar.cucumber.parallel.google.runner.SearchOutlineFeature@7c75222b]" name="runCukes" duration-ms="34293" started-at="2019-06-20T12:26:49Z" finished-at="2019-06-20T12:27:23Z">
          <reporter-output>
          </reporter-output>
        </test-method> <!-- runCukes -->
      </class> <!-- com.frankbahar.cucumber.parallel.google.runner.SearchOutlineFeature -->
      <class name="com.frankbahar.cucumber.parallel.google.runner.SearchManyFeature">
        <test-method status="PASS" signature="runCukes()[pri:0, instance:com.frankbahar.cucumber.parallel.google.runner.SearchManyFeature@2752f6e2]" name="runCukes" duration-ms="33513" started-at="2019-06-20T12:26:49Z" finished-at="2019-06-20T12:27:23Z">
          <reporter-output>
          </reporter-output>
        </test-method> <!-- runCukes -->
      </class> <!-- com.frankbahar.cucumber.parallel.google.runner.SearchManyFeature -->
    </test> <!-- Test -->
  </suite> <!-- Suite -->
</testng-results>
